# JRE version: OpenJDK Runtime Environment Temurin-21.0.8+9 (21.0.8+9) (build 21.0.8+9-LTS)
# Java VM: OpenJDK 64-Bit Server VM Temurin-21.0.8+9 (21.0.8+9-LTS, mixed mode, sharing, tiered, compressed oops, compressed class ptrs, parallel gc, windows-amd64)
GC Precious Log:
 CardTable entry size: 512
 CPUs: 8 total, 8 available
 Memory: 11982M
 Large Page Support: Disabled
 NUMA Support: Disabled
 Compressed Oops: Enabled (32-bit)
 Alignments: Space 512K, Generation 512K, Heap 2M
 Heap Min Capacity: 100M
 Heap Initial Capacity: 100M
 Heap Max Capacity: 2G
 Pre-touch: Disabled
 Parallel Workers: 8
Heap:
 PSYoungGen      total 6144K, used 1520K [0x00000000d5580000, 0x00000000d5d00000, 0x0000000100000000)
  eden space 4608K, 0% used [0x00000000d5580000,0x00000000d5580000,0x00000000d5a00000)
  from space 1536K, 98% used [0x00000000d5a00000,0x00000000d5b7c278,0x00000000d5b80000)
  to   space 1536K, 0% used [0x00000000d5b80000,0x00000000d5b80000,0x00000000d5d00000)
 ParOldGen       total 441344K, used 440999K [0x0000000080000000, 0x000000009af00000, 0x00000000d5580000)
  object space 441344K, 99% used [0x0000000080000000,0x000000009aea9d18,0x000000009af00000)
 Metaspace       used 82204K, committed 83712K, reserved 1179648K
  class space    used 9748K, committed 10432K, reserved 1048576K
GC Heap History (20 events):
Event: 43.598 GC heap after
{Heap after GC invocations=880 (full 4):
 PSYoungGen      total 2560K, used 522K [0x00000000d5580000, 0x00000000d5900000, 0x0000000100000000)
  eden space 1536K, 0% used [0x00000000d5580000,0x00000000d5580000,0x00000000d5700000)
  from space 1024K, 50% used [0x00000000d5800000,0x00000000d5882888,0x00000000d5900000)
  to   space 1024K, 0% used [0x00000000d5700000,0x00000000d5700000,0x00000000d5800000)
 ParOldGen       total 434688K, used 434188K [0x0000000080000000, 0x000000009a880000, 0x00000000d5580000)
  object space 434688K, 99% used [0x0000000080000000,0x000000009a803248,0x000000009a880000)
 Metaspace       used 82051K, committed 83584K, reserved 1179648K
  class space    used 9741K, committed 10432K, reserved 1048576K
}
Event: 43.603 GC heap before
{Heap before GC invocations=881 (full 4):
 PSYoungGen      total 2560K, used 2058K [0x00000000d5580000, 0x00000000d5900000, 0x0000000100000000)
  eden space 1536K, 100% used [0x00000000d5580000,0x00000000d5700000,0x00000000d5700000)
  from space 1024K, 50% used [0x00000000d5800000,0x00000000d5882888,0x00000000d5900000)
  to   space 1024K, 0% used [0x00000000d5700000,0x00000000d5700000,0x00000000d5800000)
 ParOldGen       total 434688K, used 434188K [0x0000000080000000, 0x000000009a880000, 0x00000000d5580000)
  object space 434688K, 99% used [0x0000000080000000,0x000000009a803248,0x000000009a880000)
 Metaspace       used 82056K, committed 83584K, reserved 1179648K
  class space    used 9741K, committed 10432K, reserved 1048576K
}
Event: 43.607 GC heap after
{Heap after GC invocations=881 (full 4):
 PSYoungGen      total 2560K, used 448K [0x00000000d5580000, 0x00000000d5880000, 0x0000000100000000)
  eden space 1536K, 0% used [0x00000000d5580000,0x00000000d5580000,0x00000000d5700000)
  from space 1024K, 43% used [0x00000000d5700000,0x00000000d5770010,0x00000000d5800000)
  to   space 512K, 0% used [0x00000000d5800000,0x00000000d5800000,0x00000000d5880000)
 ParOldGen       total 434688K, used 434429K [0x0000000080000000, 0x000000009a880000, 0x00000000d5580000)
  object space 434688K, 99% used [0x0000000080000000,0x000000009a83f4f0,0x000000009a880000)
 Metaspace       used 82056K, committed 83584K, reserved 1179648K
  class space    used 9741K, committed 10432K, reserved 1048576K
}
Event: 43.612 GC heap before
{Heap before GC invocations=882 (full 4):
 PSYoungGen      total 2560K, used 1984K [0x00000000d5580000, 0x00000000d5880000, 0x0000000100000000)
  eden space 1536K, 100% used [0x00000000d5580000,0x00000000d5700000,0x00000000d5700000)
  from space 1024K, 43% used [0x00000000d5700000,0x00000000d5770010,0x00000000d5800000)
  to   space 512K, 0% used [0x00000000d5800000,0x00000000d5800000,0x00000000d5880000)
 ParOldGen       total 434688K, used 434429K [0x0000000080000000, 0x000000009a880000, 0x00000000d5580000)
  object space 434688K, 99% used [0x0000000080000000,0x000000009a83f4f0,0x000000009a880000)
 Metaspace       used 82056K, committed 83584K, reserved 1179648K
  class space    used 9741K, committed 10432K, reserved 1048576K
}
Event: 43.614 GC heap after
{Heap after GC invocations=882 (full 4):
 PSYoungGen      total 2560K, used 320K [0x00000000d5580000, 0x00000000d5880000, 0x0000000100000000)
  eden space 2048K, 0% used [0x00000000d5580000,0x00000000d5580000,0x00000000d5780000)
  from space 512K, 62% used [0x00000000d5800000,0x00000000d5850010,0x00000000d5880000)
  to   space 512K, 0% used [0x00000000d5780000,0x00000000d5780000,0x00000000d5800000)
 ParOldGen       total 434688K, used 434477K [0x0000000080000000, 0x000000009a880000, 0x00000000d5580000)
  object space 434688K, 99% used [0x0000000080000000,0x000000009a84b4f0,0x000000009a880000)
 Metaspace       used 82056K, committed 83584K, reserved 1179648K
  class space    used 9741K, committed 10432K, reserved 1048576K
}
Event: 43.623 GC heap before
{Heap before GC invocations=883 (full 4):
 PSYoungGen      total 2560K, used 2368K [0x00000000d5580000, 0x00000000d5880000, 0x0000000100000000)
  eden space 2048K, 100% used [0x00000000d5580000,0x00000000d5780000,0x00000000d5780000)
  from space 512K, 62% used [0x00000000d5800000,0x00000000d5850010,0x00000000d5880000)
  to   space 512K, 0% used [0x00000000d5780000,0x00000000d5780000,0x00000000d5800000)
 ParOldGen       total 434688K, used 434477K [0x0000000080000000, 0x000000009a880000, 0x00000000d5580000)
  object space 434688K, 99% used [0x0000000080000000,0x000000009a84b4f0,0x000000009a880000)
 Metaspace       used 82067K, committed 83648K, reserved 1179648K
  class space    used 9744K, committed 10432K, reserved 1048576K
}
Event: 43.625 GC heap after
{Heap after GC invocations=883 (full 4):
 PSYoungGen      total 2560K, used 416K [0x00000000d5580000, 0x00000000d5900000, 0x0000000100000000)
  eden space 2048K, 0% used [0x00000000d5580000,0x00000000d5580000,0x00000000d5780000)
  from space 512K, 81% used [0x00000000d5780000,0x00000000d57e8010,0x00000000d5800000)
  to   space 512K, 0% used [0x00000000d5880000,0x00000000d5880000,0x00000000d5900000)
 ParOldGen       total 434688K, used 434533K [0x0000000080000000, 0x000000009a880000, 0x00000000d5580000)
  object space 434688K, 99% used [0x0000000080000000,0x000000009a8594f0,0x000000009a880000)
 Metaspace       used 82067K, committed 83648K, reserved 1179648K
  class space    used 9744K, committed 10432K, reserved 1048576K
}
Event: 43.631 GC heap before
{Heap before GC invocations=884 (full 4):
 PSYoungGen      total 2560K, used 2464K [0x00000000d5580000, 0x00000000d5900000, 0x0000000100000000)
  eden space 2048K, 99% used [0x00000000d5580000,0x00000000d577fff8,0x00000000d5780000)
  from space 512K, 81% used [0x00000000d5780000,0x00000000d57e8010,0x00000000d5800000)
  to   space 512K, 0% used [0x00000000d5880000,0x00000000d5880000,0x00000000d5900000)
 ParOldGen       total 434688K, used 434533K [0x0000000080000000, 0x000000009a880000, 0x00000000d5580000)
  object space 434688K, 99% used [0x0000000080000000,0x000000009a8594f0,0x000000009a880000)
 Metaspace       used 82080K, committed 83648K, reserved 1179648K
  class space    used 9745K, committed 10432K, reserved 1048576K
}
Event: 43.633 GC heap after
{Heap after GC invocations=884 (full 4):
 PSYoungGen      total 3072K, used 480K [0x00000000d5580000, 0x00000000d5900000, 0x0000000100000000)
  eden space 2560K, 0% used [0x00000000d5580000,0x00000000d5580000,0x00000000d5800000)
  from space 512K, 93% used [0x00000000d5880000,0x00000000d58f8010,0x00000000d5900000)
  to   space 512K, 0% used [0x00000000d5800000,0x00000000d5800000,0x00000000d5880000)
 ParOldGen       total 435200K, used 434697K [0x0000000080000000, 0x000000009a900000, 0x00000000d5580000)
  object space 435200K, 99% used [0x0000000080000000,0x000000009a8827e8,0x000000009a900000)
 Metaspace       used 82080K, committed 83648K, reserved 1179648K
  class space    used 9745K, committed 10432K, reserved 1048576K
}
Event: 43.641 GC heap before
{Heap before GC invocations=885 (full 4):
 PSYoungGen      total 3072K, used 3040K [0x00000000d5580000, 0x00000000d5900000, 0x0000000100000000)
  eden space 2560K, 100% used [0x00000000d5580000,0x00000000d5800000,0x00000000d5800000)
  from space 512K, 93% used [0x00000000d5880000,0x00000000d58f8010,0x00000000d5900000)
  to   space 512K, 0% used [0x00000000d5800000,0x00000000d5800000,0x00000000d5880000)
 ParOldGen       total 435200K, used 434697K [0x0000000080000000, 0x000000009a900000, 0x00000000d5580000)
  object space 435200K, 99% used [0x0000000080000000,0x000000009a8827e8,0x000000009a900000)
 Metaspace       used 82085K, committed 83648K, reserved 1179648K
  class space    used 9745K, committed 10432K, reserved 1048576K
}
Event: 43.644 GC heap after
{Heap after GC invocations=885 (full 4):
 PSYoungGen      total 3072K, used 512K [0x00000000d5580000, 0x00000000d5b80000, 0x0000000100000000)
  eden space 2560K, 0% used [0x00000000d5580000,0x00000000d5580000,0x00000000d5800000)
  from space 512K, 100% used [0x00000000d5800000,0x00000000d5880000,0x00000000d5880000)
  to   space 1536K, 0% used [0x00000000d5a00000,0x00000000d5a00000,0x00000000d5b80000)
 ParOldGen       total 435200K, used 435175K [0x0000000080000000, 0x000000009a900000, 0x00000000d5580000)
  object space 435200K, 99% used [0x0000000080000000,0x000000009a8f9f10,0x000000009a900000)
 Metaspace       used 82085K, committed 83648K, reserved 1179648K
  class space    used 9745K, committed 10432K, reserved 1048576K
}
Event: 43.663 GC heap before
{Heap before GC invocations=886 (full 4):
 PSYoungGen      total 3072K, used 3071K [0x00000000d5580000, 0x00000000d5b80000, 0x0000000100000000)
  eden space 2560K, 99% used [0x00000000d5580000,0x00000000d57ffe90,0x00000000d5800000)
  from space 512K, 100% used [0x00000000d5800000,0x00000000d5880000,0x00000000d5880000)
  to   space 1536K, 0% used [0x00000000d5a00000,0x00000000d5a00000,0x00000000d5b80000)
 ParOldGen       total 435200K, used 435175K [0x0000000080000000, 0x000000009a900000, 0x00000000d5580000)
  object space 435200K, 99% used [0x0000000080000000,0x000000009a8f9f10,0x000000009a900000)
 Metaspace       used 82113K, committed 83648K, reserved 1179648K
  class space    used 9745K, committed 10432K, reserved 1048576K
}
Event: 43.665 GC heap after
{Heap after GC invocations=886 (full 4):
 PSYoungGen      total 4096K, used 733K [0x00000000d5580000, 0x00000000d5b00000, 0x0000000100000000)
  eden space 3072K, 0% used [0x00000000d5580000,0x00000000d5580000,0x00000000d5880000)
  from space 1024K, 71% used [0x00000000d5a00000,0x00000000d5ab7530,0x00000000d5b00000)
  to   space 1024K, 0% used [0x00000000d5900000,0x00000000d5900000,0x00000000d5a00000)
 ParOldGen       total 436224K, used 435719K [0x0000000080000000, 0x000000009aa00000, 0x00000000d5580000)
  object space 436224K, 99% used [0x0000000080000000,0x000000009a981f20,0x000000009aa00000)
 Metaspace       used 82113K, committed 83648K, reserved 1179648K
  class space    used 9745K, committed 10432K, reserved 1048576K
}
Event: 43.690 GC heap before
{Heap before GC invocations=887 (full 4):
 PSYoungGen      total 4096K, used 3805K [0x00000000d5580000, 0x00000000d5b00000, 0x0000000100000000)
  eden space 3072K, 100% used [0x00000000d5580000,0x00000000d5880000,0x00000000d5880000)
  from space 1024K, 71% used [0x00000000d5a00000,0x00000000d5ab7530,0x00000000d5b00000)
  to   space 1024K, 0% used [0x00000000d5900000,0x00000000d5900000,0x00000000d5a00000)
 ParOldGen       total 436224K, used 435719K [0x0000000080000000, 0x000000009aa00000, 0x00000000d5580000)
  object space 436224K, 99% used [0x0000000080000000,0x000000009a981f20,0x000000009aa00000)
 Metaspace       used 82129K, committed 83648K, reserved 1179648K
  class space    used 9748K, committed 10432K, reserved 1048576K
}
Event: 43.693 GC heap after
{Heap after GC invocations=887 (full 4):
 PSYoungGen      total 4096K, used 1023K [0x00000000d5580000, 0x00000000d5c80000, 0x0000000100000000)
  eden space 3072K, 0% used [0x00000000d5580000,0x00000000d5580000,0x00000000d5880000)
  from space 1024K, 99% used [0x00000000d5900000,0x00000000d59fffe8,0x00000000d5a00000)
  to   space 2048K, 0% used [0x00000000d5a80000,0x00000000d5a80000,0x00000000d5c80000)
 ParOldGen       total 436736K, used 436374K [0x0000000080000000, 0x000000009aa80000, 0x00000000d5580000)
  object space 436736K, 99% used [0x0000000080000000,0x000000009aa258f0,0x000000009aa80000)
 Metaspace       used 82129K, committed 83648K, reserved 1179648K
  class space    used 9748K, committed 10432K, reserved 1048576K
}
Event: 43.714 GC heap before
{Heap before GC invocations=888 (full 4):
 PSYoungGen      total 4096K, used 4095K [0x00000000d5580000, 0x00000000d5c80000, 0x0000000100000000)
  eden space 3072K, 100% used [0x00000000d5580000,0x00000000d5880000,0x00000000d5880000)
  from space 1024K, 99% used [0x00000000d5900000,0x00000000d59fffe8,0x00000000d5a00000)
  to   space 2048K, 0% used [0x00000000d5a80000,0x00000000d5a80000,0x00000000d5c80000)
 ParOldGen       total 436736K, used 436374K [0x0000000080000000, 0x000000009aa80000, 0x00000000d5580000)
  object space 436736K, 99% used [0x0000000080000000,0x000000009aa258f0,0x000000009aa80000)
 Metaspace       used 82148K, committed 83712K, reserved 1179648K
  class space    used 9748K, committed 10432K, reserved 1048576K
}
Event: 44.697 GC heap after
{Heap after GC invocations=888 (full 4):
 PSYoungGen      total 5632K, used 1252K [0x00000000d5580000, 0x00000000d5c80000, 0x0000000100000000)
  eden space 3584K, 0% used [0x00000000d5580000,0x00000000d5580000,0x00000000d5900000)
  from space 2048K, 61% used [0x00000000d5a80000,0x00000000d5bb9238,0x00000000d5c80000)
  to   space 1536K, 0% used [0x00000000d5900000,0x00000000d5900000,0x00000000d5a80000)
 ParOldGen       total 437760K, used 437342K [0x0000000080000000, 0x000000009ab80000, 0x00000000d5580000)
  object space 437760K, 99% used [0x0000000080000000,0x000000009ab17bb8,0x000000009ab80000)
 Metaspace       used 82148K, committed 83712K, reserved 1179648K
  class space    used 9748K, committed 10432K, reserved 1048576K
}
Event: 44.724 GC heap before
{Heap before GC invocations=889 (full 4):
 PSYoungGen      total 5632K, used 4836K [0x00000000d5580000, 0x00000000d5c80000, 0x0000000100000000)
  eden space 3584K, 100% used [0x00000000d5580000,0x00000000d5900000,0x00000000d5900000)
  from space 2048K, 61% used [0x00000000d5a80000,0x00000000d5bb9238,0x00000000d5c80000)
  to   space 1536K, 0% used [0x00000000d5900000,0x00000000d5900000,0x00000000d5a80000)
 ParOldGen       total 437760K, used 437342K [0x0000000080000000, 0x000000009ab80000, 0x00000000d5580000)
  object space 437760K, 99% used [0x0000000080000000,0x000000009ab17bb8,0x000000009ab80000)
 Metaspace       used 82166K, committed 83712K, reserved 1179648K
  class space    used 9748K, committed 10432K, reserved 1048576K
}
Event: 44.726 GC heap after
{Heap after GC invocations=889 (full 4):
 PSYoungGen      total 5120K, used 1280K [0x00000000d5580000, 0x00000000d5d00000, 0x0000000100000000)
  eden space 3584K, 0% used [0x00000000d5580000,0x00000000d5580000,0x00000000d5900000)
  from space 1536K, 83% used [0x00000000d5900000,0x00000000d5a40240,0x00000000d5a80000)
  to   space 1536K, 0% used [0x00000000d5b80000,0x00000000d5b80000,0x00000000d5d00000)
 ParOldGen       total 438784K, used 438455K [0x0000000080000000, 0x000000009ac80000, 0x00000000d5580000)
  object space 438784K, 99% used [0x0000000080000000,0x000000009ac2de80,0x000000009ac80000)
 Metaspace       used 82166K, committed 83712K, reserved 1179648K
  class space    used 9748K, committed 10432K, reserved 1048576K
}
Event: 44.741 GC heap before
{Heap before GC invocations=890 (full 4):
 PSYoungGen      total 5120K, used 4846K [0x00000000d5580000, 0x00000000d5d00000, 0x0000000100000000)
  eden space 3584K, 99% used [0x00000000d5580000,0x00000000d58fb960,0x00000000d5900000)
  from space 1536K, 83% used [0x00000000d5900000,0x00000000d5a40240,0x00000000d5a80000)
  to   space 1536K, 0% used [0x00000000d5b80000,0x00000000d5b80000,0x00000000d5d00000)
 ParOldGen       total 438784K, used 438455K [0x0000000080000000, 0x000000009ac80000, 0x00000000d5580000)
  object space 438784K, 99% used [0x0000000080000000,0x000000009ac2de80,0x000000009ac80000)
 Metaspace       used 82180K, committed 83712K, reserved 1179648K
  class space    used 9748K, committed 10432K, reserved 1048576K
}

